<?xml version="1.0" encoding="UTF-8"?>
<!-- Generated by org.testng.reporters.JUnitXMLReporter -->
<testsuite ignored="0" hostname="RCJ" failures="0" tests="3" name="Default test" time="149.874" errors="0" timestamp="2023-09-02T11:27:57 IST">
  <testcase classname="Data_Provider.DataProvider" name="demo" time="97.079"/>
  <testcase classname="Data_Provider.DataProvider" name="demo" time="40.001"/>
  <testcase classname="Data_Provider.DataProvider" name="demo" time="12.206"/>
</testsuite> <!-- Default test -->
