<?xml version="1.0" encoding="UTF-8"?>
<testng-results ignored="0" total="3" passed="3" failed="0" skipped="0">
  <reporter-output>
  </reporter-output>
  <suite started-at="2023-09-02T11:25:27 IST" name="Default suite" finished-at="2023-09-02T11:27:57 IST" duration-ms="149874">
    <groups>
    </groups>
    <test started-at="2023-09-02T11:25:27 IST" name="Default test" finished-at="2023-09-02T11:27:57 IST" duration-ms="149874">
      <class name="Data_Provider.DataProvider">
        <test-method signature="demo(java.lang.String,java.lang.String)[pri:0, instance:Data_Provider.DataProvider@564fabc8]" started-at="2023-09-02T11:25:28 IST" name="demo" data-provider="getData" finished-at="2023-09-02T11:27:05 IST" duration-ms="97079" status="PASS">
          <params>
            <param index="0">
              <value>
                <![CDATA[dfghjkl]]>
              </value>
            </param>
            <param index="1">
              <value>
                <![CDATA[dfghjkltyui]]>
              </value>
            </param>
          </params>
          <reporter-output>
          </reporter-output>
        </test-method> <!-- demo -->
        <test-method signature="demo(java.lang.String,java.lang.String)[pri:0, instance:Data_Provider.DataProvider@564fabc8]" started-at="2023-09-02T11:27:05 IST" name="demo" data-provider="getData" finished-at="2023-09-02T11:27:45 IST" duration-ms="40001" status="PASS">
          <params>
            <param index="0">
              <value>
                <![CDATA[123456]]>
              </value>
            </param>
            <param index="1">
              <value>
                <![CDATA[123dfghjkl]]>
              </value>
            </param>
          </params>
          <reporter-output>
          </reporter-output>
        </test-method> <!-- demo -->
        <test-method signature="demo(java.lang.String,java.lang.String)[pri:0, instance:Data_Provider.DataProvider@564fabc8]" started-at="2023-09-02T11:27:45 IST" name="demo" data-provider="getData" finished-at="2023-09-02T11:27:57 IST" duration-ms="12206" status="PASS">
          <params>
            <param index="0">
              <value>
                <![CDATA[fg#1122##]]>
              </value>
            </param>
            <param index="1">
              <value>
                <![CDATA[23(78)12]]>
              </value>
            </param>
          </params>
          <reporter-output>
          </reporter-output>
        </test-method> <!-- demo -->
      </class> <!-- Data_Provider.DataProvider -->
    </test> <!-- Default test -->
  </suite> <!-- Default suite -->
</testng-results>
